
> frontend@0.0.1 dev
> vite dev


  VITE v7.1.5  ready in 1339 ms

  ➜  Local:   http://localhost:5173/
  ➜  Network: use --host to expose
6:13:12 PM [vite] (client) hmr update /src/lib/components/ConfirmationModal.svelte, /src/app.css
6:13:12 PM [vite] (ssr) page reload src/lib/components/ConfirmationModal.svelte
6:16:45 PM [vite] (client) hmr update /src/lib/components/ConfirmationModal.svelte, /src/app.css
6:16:45 PM [vite] (ssr) page reload src/lib/components/ConfirmationModal.svelte
6:16:56 PM [vite] (client) hmr update /src/lib/components/ConfirmationModal.svelte, /src/app.css
6:16:56 PM [vite] (ssr) page reload src/lib/components/ConfirmationModal.svelte
6:24:10 PM [vite] (client) hmr update /src/routes/workspace/+page.svelte, /src/routes/workspace/+page.svelte?svelte&type=style&lang.css, /src/app.css
6:24:10 PM [vite] (ssr) page reload src/routes/workspace/+page.svelte
6:27:28 PM [vite] (client) hmr update /src/lib/components/ConfirmationModal.svelte, /src/app.css
6:27:28 PM [vite] (ssr) page reload src/lib/components/ConfirmationModal.svelte
6:27:35 PM [vite] (client) hmr update /src/lib/components/Map.svelte, /src/lib/components/Map.svelte?svelte&type=style&lang.css, /src/app.css
6:27:35 PM [vite] (ssr) page reload src/lib/components/Map.svelte
6:27:47 PM [vite] (client) hmr update /src/routes/workspace/+page.svelte, /src/app.css
6:27:47 PM [vite] (ssr) page reload src/routes/workspace/+page.svelte
6:28:43 PM [vite] (client) hmr update /src/lib/components/Map.svelte, /src/app.css
6:28:43 PM [vite] (ssr) page reload src/lib/components/Map.svelte
6:28:44 PM [vite] (client) hmr update /src/lib/components/ConfirmationModal.svelte, /src/app.css
6:28:44 PM [vite] (ssr) page reload src/lib/components/ConfirmationModal.svelte
6:28:45 PM [vite] (client) hmr update /src/routes/workspace/+page.svelte, /src/app.css
6:28:45 PM [vite] (ssr) page reload src/routes/workspace/+page.svelte
6:30:19 PM [vite] (client) hmr update /src/lib/components/ConfirmationModal.svelte, /src/app.css
6:30:19 PM [vite] (ssr) page reload src/lib/components/ConfirmationModal.svelte
6:30:31 PM [vite] (client) hmr update /src/lib/components/Map.svelte, /src/app.css
6:30:31 PM [vite] (ssr) page reload src/lib/components/Map.svelte
6:30:36 PM [vite] (client) hmr update /src/routes/workspace/+page.svelte, /src/app.css
6:30:36 PM [vite] (ssr) page reload src/routes/workspace/+page.svelte
